<?xml version="1.0" encoding="UTF-8"?>
<testsuite xmlns:xsi="http://www.w3.org/2001/XMLSchema-instance" xsi:noNamespaceSchemaLocation="https://maven.apache.org/surefire/maven-surefire-plugin/xsd/surefire-test-report-3.0.xsd" version="3.0" name="com.mycompany.passwordmanager.bo.PasswordHasherTest" time="0.117" tests="2" errors="0" skipped="0" failures="0">
  <properties>
    <property name="java.specification.version" value="21"/>
    <property name="sun.cpu.isalist" value="amd64"/>
    <property name="sun.jnu.encoding" value="Cp1252"/>
    <property name="java.class.path" value="C:\Personal\30. USB Stick\7. Computer\Projects\PasswordManager\target\test-classes;C:\Personal\30. USB Stick\7. Computer\Projects\PasswordManager\target\classes;C:\Users\HUAWEI\.m2\repository\com\formdev\flatlaf\2.4\flatlaf-2.4.jar;C:\Users\HUAWEI\.m2\repository\com\google\code\gson\gson\2.9.1\gson-2.9.1.jar;C:\Users\HUAWEI\.m2\repository\org\apache\logging\log4j\log4j-core\2.23.1\log4j-core-2.23.1.jar;C:\Users\HUAWEI\.m2\repository\org\apache\logging\log4j\log4j-api\2.23.1\log4j-api-2.23.1.jar;C:\Users\HUAWEI\.m2\repository\org\junit\jupiter\junit-jupiter-api\5.7.0\junit-jupiter-api-5.7.0.jar;C:\Users\HUAWEI\.m2\repository\org\apiguardian\apiguardian-api\1.1.0\apiguardian-api-1.1.0.jar;C:\Users\HUAWEI\.m2\repository\org\opentest4j\opentest4j\1.2.0\opentest4j-1.2.0.jar;C:\Users\HUAWEI\.m2\repository\org\junit\platform\junit-platform-commons\1.7.0\junit-platform-commons-1.7.0.jar;C:\Users\HUAWEI\.m2\repository\batik\batik-util\1.6-1\batik-util-1.6-1.jar;C:\Users\HUAWEI\.m2\repository\batik\batik-gui-util\1.6-1\batik-gui-util-1.6-1.jar;C:\Users\HUAWEI\.m2\repository\batik\batik-ext\1.6-1\batik-ext-1.6-1.jar;C:\Users\HUAWEI\.m2\repository\xml-apis\xmlParserAPIs\2.0.2\xmlParserAPIs-2.0.2.jar;C:\Users\HUAWEI\.m2\repository\batik\batik-transcoder\1.6-1\batik-transcoder-1.6-1.jar;C:\Users\HUAWEI\.m2\repository\batik\batik-bridge\1.6-1\batik-bridge-1.6-1.jar;C:\Users\HUAWEI\.m2\repository\batik\batik-gvt\1.6-1\batik-gvt-1.6-1.jar;C:\Users\HUAWEI\.m2\repository\batik\batik-awt-util\1.6-1\batik-awt-util-1.6-1.jar;C:\Users\HUAWEI\.m2\repository\batik\batik-script\1.6-1\batik-script-1.6-1.jar;C:\Users\HUAWEI\.m2\repository\rhino\js\1.5R4.1\js-1.5R4.1.jar;C:\Users\HUAWEI\.m2\repository\batik\batik-svg-dom\1.6-1\batik-svg-dom-1.6-1.jar;C:\Users\HUAWEI\.m2\repository\batik\batik-dom\1.6-1\batik-dom-1.6-1.jar;C:\Users\HUAWEI\.m2\repository\batik\batik-css\1.6-1\batik-css-1.6-1.jar;C:\Users\HUAWEI\.m2\repository\batik\batik-xml\1.6-1\batik-xml-1.6-1.jar;C:\Users\HUAWEI\.m2\repository\batik\batik-parser\1.6-1\batik-parser-1.6-1.jar;C:\Users\HUAWEI\.m2\repository\fop\fop\0.20.5\fop-0.20.5.jar;C:\Users\HUAWEI\.m2\repository\batik\batik-1.5-fop\0.20-5\batik-1.5-fop-0.20-5.jar;C:\Users\HUAWEI\.m2\repository\xml-apis\xml-apis\1.0.b2\xml-apis-1.0.b2.jar;C:\Users\HUAWEI\.m2\repository\xalan\xalan\2.4.1\xalan-2.4.1.jar;C:\Users\HUAWEI\.m2\repository\xerces\xercesImpl\2.2.1\xercesImpl-2.2.1.jar;C:\Users\HUAWEI\.m2\repository\avalon-framework\avalon-framework\4.0\avalon-framework-4.0.jar;"/>
    <property name="java.vm.vendor" value="Oracle Corporation"/>
    <property name="sun.arch.data.model" value="64"/>
    <property name="user.variant" value=""/>
    <property name="java.vendor.url" value="https://java.oracle.com/"/>
    <property name="user.timezone" value="Europe/Berlin"/>
    <property name="os.name" value="Windows 11"/>
    <property name="java.vm.specification.version" value="21"/>
    <property name="user.country" value="DE"/>
    <property name="sun.java.launcher" value="SUN_STANDARD"/>
    <property name="sun.boot.library.path" value="C:\Program Files\Java\jdk-21\bin"/>
    <property name="sun.java.command" value="C:\Users\HUAWEI\AppData\Local\Temp\surefire1331492162804308215\surefirebooter-20240904145134166_3.jar C:\Users\HUAWEI\AppData\Local\Temp\surefire1331492162804308215 2024-09-04T14-51-33_980-jvmRun1 surefire-20240904145134166_1tmp surefire_0-20240904145134166_2tmp"/>
    <property name="jdk.debug" value="release"/>
    <property name="surefire.test.class.path" value="C:\Personal\30. USB Stick\7. Computer\Projects\PasswordManager\target\test-classes;C:\Personal\30. USB Stick\7. Computer\Projects\PasswordManager\target\classes;C:\Users\HUAWEI\.m2\repository\com\formdev\flatlaf\2.4\flatlaf-2.4.jar;C:\Users\HUAWEI\.m2\repository\com\google\code\gson\gson\2.9.1\gson-2.9.1.jar;C:\Users\HUAWEI\.m2\repository\org\apache\logging\log4j\log4j-core\2.23.1\log4j-core-2.23.1.jar;C:\Users\HUAWEI\.m2\repository\org\apache\logging\log4j\log4j-api\2.23.1\log4j-api-2.23.1.jar;C:\Users\HUAWEI\.m2\repository\org\junit\jupiter\junit-jupiter-api\5.7.0\junit-jupiter-api-5.7.0.jar;C:\Users\HUAWEI\.m2\repository\org\apiguardian\apiguardian-api\1.1.0\apiguardian-api-1.1.0.jar;C:\Users\HUAWEI\.m2\repository\org\opentest4j\opentest4j\1.2.0\opentest4j-1.2.0.jar;C:\Users\HUAWEI\.m2\repository\org\junit\platform\junit-platform-commons\1.7.0\junit-platform-commons-1.7.0.jar;C:\Users\HUAWEI\.m2\repository\batik\batik-util\1.6-1\batik-util-1.6-1.jar;C:\Users\HUAWEI\.m2\repository\batik\batik-gui-util\1.6-1\batik-gui-util-1.6-1.jar;C:\Users\HUAWEI\.m2\repository\batik\batik-ext\1.6-1\batik-ext-1.6-1.jar;C:\Users\HUAWEI\.m2\repository\xml-apis\xmlParserAPIs\2.0.2\xmlParserAPIs-2.0.2.jar;C:\Users\HUAWEI\.m2\repository\batik\batik-transcoder\1.6-1\batik-transcoder-1.6-1.jar;C:\Users\HUAWEI\.m2\repository\batik\batik-bridge\1.6-1\batik-bridge-1.6-1.jar;C:\Users\HUAWEI\.m2\repository\batik\batik-gvt\1.6-1\batik-gvt-1.6-1.jar;C:\Users\HUAWEI\.m2\repository\batik\batik-awt-util\1.6-1\batik-awt-util-1.6-1.jar;C:\Users\HUAWEI\.m2\repository\batik\batik-script\1.6-1\batik-script-1.6-1.jar;C:\Users\HUAWEI\.m2\repository\rhino\js\1.5R4.1\js-1.5R4.1.jar;C:\Users\HUAWEI\.m2\repository\batik\batik-svg-dom\1.6-1\batik-svg-dom-1.6-1.jar;C:\Users\HUAWEI\.m2\repository\batik\batik-dom\1.6-1\batik-dom-1.6-1.jar;C:\Users\HUAWEI\.m2\repository\batik\batik-css\1.6-1\batik-css-1.6-1.jar;C:\Users\HUAWEI\.m2\repository\batik\batik-xml\1.6-1\batik-xml-1.6-1.jar;C:\Users\HUAWEI\.m2\repository\batik\batik-parser\1.6-1\batik-parser-1.6-1.jar;C:\Users\HUAWEI\.m2\repository\fop\fop\0.20.5\fop-0.20.5.jar;C:\Users\HUAWEI\.m2\repository\batik\batik-1.5-fop\0.20-5\batik-1.5-fop-0.20-5.jar;C:\Users\HUAWEI\.m2\repository\xml-apis\xml-apis\1.0.b2\xml-apis-1.0.b2.jar;C:\Users\HUAWEI\.m2\repository\xalan\xalan\2.4.1\xalan-2.4.1.jar;C:\Users\HUAWEI\.m2\repository\xerces\xercesImpl\2.2.1\xercesImpl-2.2.1.jar;C:\Users\HUAWEI\.m2\repository\avalon-framework\avalon-framework\4.0\avalon-framework-4.0.jar;"/>
    <property name="sun.cpu.endian" value="little"/>
    <property name="user.home" value="C:\Users\HUAWEI"/>
    <property name="user.language" value="de"/>
    <property name="java.specification.vendor" value="Oracle Corporation"/>
    <property name="java.version.date" value="2024-01-16"/>
    <property name="java.home" value="C:\Program Files\Java\jdk-21"/>
    <property name="file.separator" value="\"/>
    <property name="basedir" value="C:\Personal\30. USB Stick\7. Computer\Projects\PasswordManager"/>
    <property name="java.vm.compressedOopsMode" value="Zero based"/>
    <property name="line.separator" value="&#10;"/>
    <property name="java.vm.specification.vendor" value="Oracle Corporation"/>
    <property name="java.specification.name" value="Java Platform API Specification"/>
    <property name="surefire.real.class.path" value="C:\Users\HUAWEI\AppData\Local\Temp\surefire1331492162804308215\surefirebooter-20240904145134166_3.jar"/>
    <property name="user.script" value=""/>
    <property name="sun.management.compiler" value="HotSpot 64-Bit Tiered Compilers"/>
    <property name="java.runtime.version" value="21.0.2+13-LTS-58"/>
    <property name="user.name" value="HUAWEI"/>
    <property name="stdout.encoding" value="Cp1252"/>
    <property name="path.separator" value=";"/>
    <property name="os.version" value="10.0"/>
    <property name="java.runtime.name" value="Java(TM) SE Runtime Environment"/>
    <property name="file.encoding" value="UTF-8"/>
    <property name="java.vm.name" value="Java HotSpot(TM) 64-Bit Server VM"/>
    <property name="maven.ext.class.path" value="C:\Program Files\NetBeans-22\netbeans\java\maven-nblib\netbeans-eventspy.jar"/>
    <property name="localRepository" value="C:\Users\HUAWEI\.m2\repository"/>
    <property name="java.vendor.url.bug" value="https://bugreport.java.com/bugreport/"/>
    <property name="java.io.tmpdir" value="C:\Users\HUAWEI\AppData\Local\Temp\"/>
    <property name="java.version" value="21.0.2"/>
    <property name="user.dir" value="C:\Personal\30. USB Stick\7. Computer\Projects\PasswordManager"/>
    <property name="os.arch" value="amd64"/>
    <property name="java.vm.specification.name" value="Java Virtual Machine Specification"/>
    <property name="sun.os.patch.level" value=""/>
    <property name="native.encoding" value="Cp1252"/>
    <property name="java.library.path" value="C:\Program Files\Java\jdk-21\bin;C:\Windows\Sun\Java\bin;C:\Windows\system32;C:\Windows;C:\Program Files\Common Files\Oracle\Java\javapath;C:\Windows\System32\HWAudioDriver;C:\Windows\system32;C:\Windows;C:\Windows\System32\Wbem;C:\Windows\System32\WindowsPowerShell\v1.0\;C:\Windows\System32\OpenSSH\;C:\Users\Administrator\AppData\Local\Microsoft\WindowsApps;C:\Users\HUAWEI\AppData\Local\Microsoft\WindowsApps;;."/>
    <property name="java.vm.info" value="mixed mode, sharing"/>
    <property name="stderr.encoding" value="Cp1252"/>
    <property name="java.vendor" value="Oracle Corporation"/>
    <property name="java.vm.version" value="21.0.2+13-LTS-58"/>
    <property name="sun.io.unicode.encoding" value="UnicodeLittle"/>
    <property name="java.class.version" value="65.0"/>
  </properties>
  <testcase name="testHashSha512" classname="com.mycompany.passwordmanager.bo.PasswordHasherTest" time="0.092">
    <system-out><![CDATA[PasswordHasherTest - Password: MyTestPassword, Hash Algorithem: SHA-512, Expected Result: 6c1e1bd5f8d2d053d3cb4152a3a6464e977039f824500b5d60735fcb59dc1f8056f267e99214d7008ecc45e910d4ee0e729bfe793cee4a772b6c6781e355c175 -> Result: 6c1e1bd5f8d2d053d3cb4152a3a6464e977039f824500b5d60735fcb59dc1f8056f267e99214d7008ecc45e910d4ee0e729bfe793cee4a772b6c6781e355c175
]]></system-out>
  </testcase>
  <testcase name="testHashMd5" classname="com.mycompany.passwordmanager.bo.PasswordHasherTest" time="0.003">
    <system-out><![CDATA[PasswordHasherTest - Password: MyTestPassword, Hash Algorithem: MD5, Expected Result: 72418435a5ebb5949ccaa42f55bc15f3 -> Result: 72418435a5ebb5949ccaa42f55bc15f3
]]></system-out>
  </testcase>
</testsuite>